2026-02-20 20:15:43,654 [INFO] from akka.event.slf4j.Slf4jLogger in application-akka.actor.default-dispatcher-6 - Slf4jLogger started
2026-02-20 20:15:43,813 [INFO] from org.hibernate.validator.internal.util.Version in play-dev-mode-akka.actor.default-dispatcher-7 - HV000001: Hibernate Validator 6.1.0.Final
2026-02-20 20:15:43,963 [INFO] from play.api.http.EnabledFilters in play-dev-mode-akka.actor.default-dispatcher-7 - Enabled Filters (see <https://www.playframework.com/documentation/latest/Filters>):

    play.filters.csrf.CSRFFilter
    play.filters.headers.SecurityHeadersFilter
    play.filters.hosts.AllowedHostsFilter
    play.filters.csrf.CSRFFilter

2026-02-20 20:15:43,972 [INFO] from play.api.Play in play-dev-mode-akka.actor.default-dispatcher-7 - Application started (Dev) (no global state)
2026-02-20 20:21:22,959 [INFO] from akka.event.slf4j.Slf4jLogger in application-akka.actor.default-dispatcher-6 - Slf4jLogger started
2026-02-20 20:21:23,059 [INFO] from play.api.http.EnabledFilters in play-dev-mode-akka.actor.default-dispatcher-39 - Enabled Filters (see <https://www.playframework.com/documentation/latest/Filters>):

    play.filters.csrf.CSRFFilter
    play.filters.headers.SecurityHeadersFilter
    play.filters.hosts.AllowedHostsFilter
    play.filters.csrf.CSRFFilter

2026-02-20 20:21:23,067 [INFO] from play.api.Play in play-dev-mode-akka.actor.default-dispatcher-39 - Application started (Dev) (no global state)
2026-02-20 20:51:38,637 [INFO] from akka.event.slf4j.Slf4jLogger in application-akka.actor.default-dispatcher-6 - Slf4jLogger started
2026-02-20 20:51:38,762 [INFO] from play.api.http.EnabledFilters in play-dev-mode-akka.actor.default-dispatcher-34 - Enabled Filters (see <https://www.playframework.com/documentation/latest/Filters>):

    play.filters.csrf.CSRFFilter
    play.filters.headers.SecurityHeadersFilter
    play.filters.hosts.AllowedHostsFilter
    play.filters.csrf.CSRFFilter

2026-02-20 20:51:38,773 [INFO] from play.api.Play in play-dev-mode-akka.actor.default-dispatcher-34 - Application started (Dev) (no global state)
2026-02-20 20:56:32,687 [INFO] from akka.event.slf4j.Slf4jLogger in application-akka.actor.default-dispatcher-5 - Slf4jLogger started
2026-02-20 20:56:32,768 [INFO] from play.api.http.EnabledFilters in play-dev-mode-akka.actor.default-dispatcher-14 - Enabled Filters (see <https://www.playframework.com/documentation/latest/Filters>):

    play.filters.csrf.CSRFFilter
    play.filters.headers.SecurityHeadersFilter
    play.filters.hosts.AllowedHostsFilter
    play.filters.csrf.CSRFFilter

2026-02-20 20:56:32,772 [INFO] from play.api.Play in play-dev-mode-akka.actor.default-dispatcher-14 - Application started (Dev) (no global state)
2026-02-20 21:31:37,895 [INFO] from akka.event.slf4j.Slf4jLogger in application-akka.actor.default-dispatcher-6 - Slf4jLogger started
2026-02-20 21:31:38,009 [INFO] from play.api.http.EnabledFilters in play-dev-mode-akka.actor.default-dispatcher-145 - Enabled Filters (see <https://www.playframework.com/documentation/latest/Filters>):

    play.filters.csrf.CSRFFilter
    play.filters.headers.SecurityHeadersFilter
    play.filters.hosts.AllowedHostsFilter
    play.filters.csrf.CSRFFilter

2026-02-20 21:31:38,017 [INFO] from play.api.Play in play-dev-mode-akka.actor.default-dispatcher-145 - Application started (Dev) (no global state)
2026-02-20 23:06:46,864 [INFO] from akka.event.slf4j.Slf4jLogger in application-akka.actor.default-dispatcher-6 - Slf4jLogger started
2026-02-20 23:06:46,962 [INFO] from play.api.http.EnabledFilters in play-dev-mode-akka.actor.default-dispatcher-181 - Enabled Filters (see <https://www.playframework.com/documentation/latest/Filters>):

    play.filters.csrf.CSRFFilter
    play.filters.headers.SecurityHeadersFilter
    play.filters.hosts.AllowedHostsFilter
    play.filters.csrf.CSRFFilter

2026-02-20 23:06:46,968 [INFO] from play.api.Play in play-dev-mode-akka.actor.default-dispatcher-181 - Application started (Dev) (no global state)
2026-02-20 23:06:47,927 [ERROR] from akka.actor.OneForOneStrategy in application-akka.actor.default-dispatcher-7 - null
java.lang.NullPointerException: null
	at structures.basic.Unit.setPositionByTile(Unit.java:115)
	at structures.basic.Unit.drawUnit(Unit.java:122)
	at events.Initalize.processEvent(Initalize.java:54)
	at actors.GameActor.processMessage(GameActor.java:110)
	at actors.GameActor.lambda$createReceive$0(GameActor.java:90)
	at akka.japi.pf.UnitCaseStatement.apply(CaseStatements.scala:24)
	at akka.japi.pf.UnitCaseStatement.apply(CaseStatements.scala:20)
	at scala.PartialFunction.applyOrElse(PartialFunction.scala:187)
	at scala.PartialFunction.applyOrElse$(PartialFunction.scala:186)
	at akka.japi.pf.UnitCaseStatement.applyOrElse(CaseStatements.scala:20)
	at scala.PartialFunction$OrElse.applyOrElse(PartialFunction.scala:241)
	at akka.actor.Actor.aroundReceive(Actor.scala:534)
	at akka.actor.Actor.aroundReceive$(Actor.scala:532)
	at akka.actor.AbstractActor.aroundReceive(AbstractActor.scala:220)
	at akka.actor.ActorCell.receiveMessage(ActorCell.scala:573)
	at akka.actor.ActorCell.invoke(ActorCell.scala:543)
	at akka.dispatch.Mailbox.processMailbox(Mailbox.scala:269)
	at akka.dispatch.Mailbox.run(Mailbox.scala:230)
	at akka.dispatch.Mailbox.exec(Mailbox.scala:242)
	at java.util.concurrent.ForkJoinTask.doExec(ForkJoinTask.java:289)
	at java.util.concurrent.ForkJoinPool$WorkQueue.runTask(ForkJoinPool.java:1056)
	at java.util.concurrent.ForkJoinPool.runWorker(ForkJoinPool.java:1692)
	at java.util.concurrent.ForkJoinWorkerThread.run(ForkJoinWorkerThread.java:175)
2026-02-20 23:07:06,455 [ERROR] from akka.actor.OneForOneStrategy in application-akka.actor.default-dispatcher-6 - null
java.lang.NullPointerException: null
	at structures.basic.Unit.setPositionByTile(Unit.java:115)
	at structures.basic.Unit.drawUnit(Unit.java:122)
	at events.Initalize.processEvent(Initalize.java:54)
	at actors.GameActor.processMessage(GameActor.java:110)
	at actors.GameActor.lambda$createReceive$0(GameActor.java:90)
	at akka.japi.pf.UnitCaseStatement.apply(CaseStatements.scala:24)
	at akka.japi.pf.UnitCaseStatement.apply(CaseStatements.scala:20)
	at scala.PartialFunction.applyOrElse(PartialFunction.scala:187)
	at scala.PartialFunction.applyOrElse$(PartialFunction.scala:186)
	at akka.japi.pf.UnitCaseStatement.applyOrElse(CaseStatements.scala:20)
	at scala.PartialFunction$OrElse.applyOrElse(PartialFunction.scala:241)
	at akka.actor.Actor.aroundReceive(Actor.scala:534)
	at akka.actor.Actor.aroundReceive$(Actor.scala:532)
	at akka.actor.AbstractActor.aroundReceive(AbstractActor.scala:220)
	at akka.actor.ActorCell.receiveMessage(ActorCell.scala:573)
	at akka.actor.ActorCell.invoke(ActorCell.scala:543)
	at akka.dispatch.Mailbox.processMailbox(Mailbox.scala:269)
	at akka.dispatch.Mailbox.run(Mailbox.scala:230)
	at akka.dispatch.Mailbox.exec(Mailbox.scala:242)
	at java.util.concurrent.ForkJoinTask.doExec(ForkJoinTask.java:289)
	at java.util.concurrent.ForkJoinPool$WorkQueue.runTask(ForkJoinPool.java:1056)
	at java.util.concurrent.ForkJoinPool.runWorker(ForkJoinPool.java:1692)
	at java.util.concurrent.ForkJoinWorkerThread.run(ForkJoinWorkerThread.java:175)
2026-02-20 23:08:44,427 [INFO] from akka.event.slf4j.Slf4jLogger in application-akka.actor.default-dispatcher-5 - Slf4jLogger started
2026-02-20 23:08:44,543 [INFO] from play.api.http.EnabledFilters in play-dev-mode-akka.actor.default-dispatcher-207 - Enabled Filters (see <https://www.playframework.com/documentation/latest/Filters>):

    play.filters.csrf.CSRFFilter
    play.filters.headers.SecurityHeadersFilter
    play.filters.hosts.AllowedHostsFilter
    play.filters.csrf.CSRFFilter

2026-02-20 23:08:44,546 [INFO] from play.api.Play in play-dev-mode-akka.actor.default-dispatcher-207 - Application started (Dev) (no global state)
2026-02-20 23:08:45,374 [ERROR] from akka.actor.OneForOneStrategy in application-akka.actor.default-dispatcher-7 - null
java.lang.NullPointerException: null
	at structures.basic.Unit.setPositionByTile(Unit.java:115)
	at structures.basic.Unit.drawUnit(Unit.java:122)
	at events.Initalize.processEvent(Initalize.java:57)
	at actors.GameActor.processMessage(GameActor.java:110)
	at actors.GameActor.lambda$createReceive$0(GameActor.java:90)
	at akka.japi.pf.UnitCaseStatement.apply(CaseStatements.scala:24)
	at akka.japi.pf.UnitCaseStatement.apply(CaseStatements.scala:20)
	at scala.PartialFunction.applyOrElse(PartialFunction.scala:187)
	at scala.PartialFunction.applyOrElse$(PartialFunction.scala:186)
	at akka.japi.pf.UnitCaseStatement.applyOrElse(CaseStatements.scala:20)
	at scala.PartialFunction$OrElse.applyOrElse(PartialFunction.scala:241)
	at akka.actor.Actor.aroundReceive(Actor.scala:534)
	at akka.actor.Actor.aroundReceive$(Actor.scala:532)
	at akka.actor.AbstractActor.aroundReceive(AbstractActor.scala:220)
	at akka.actor.ActorCell.receiveMessage(ActorCell.scala:573)
	at akka.actor.ActorCell.invoke(ActorCell.scala:543)
	at akka.dispatch.Mailbox.processMailbox(Mailbox.scala:269)
	at akka.dispatch.Mailbox.run(Mailbox.scala:230)
	at akka.dispatch.Mailbox.exec(Mailbox.scala:242)
	at java.util.concurrent.ForkJoinTask.doExec(ForkJoinTask.java:289)
	at java.util.concurrent.ForkJoinPool$WorkQueue.runTask(ForkJoinPool.java:1056)
	at java.util.concurrent.ForkJoinPool.runWorker(ForkJoinPool.java:1692)
	at java.util.concurrent.ForkJoinWorkerThread.run(ForkJoinWorkerThread.java:175)
2026-02-20 23:10:01,659 [ERROR] from akka.actor.OneForOneStrategy in application-akka.actor.default-dispatcher-17 - null
java.lang.NullPointerException: null
	at structures.basic.Unit.setPositionByTile(Unit.java:115)
	at structures.basic.Unit.drawUnit(Unit.java:122)
	at events.Initalize.processEvent(Initalize.java:57)
	at actors.GameActor.processMessage(GameActor.java:110)
	at actors.GameActor.lambda$createReceive$0(GameActor.java:90)
	at akka.japi.pf.UnitCaseStatement.apply(CaseStatements.scala:24)
	at akka.japi.pf.UnitCaseStatement.apply(CaseStatements.scala:20)
	at scala.PartialFunction.applyOrElse(PartialFunction.scala:187)
	at scala.PartialFunction.applyOrElse$(PartialFunction.scala:186)
	at akka.japi.pf.UnitCaseStatement.applyOrElse(CaseStatements.scala:20)
	at scala.PartialFunction$OrElse.applyOrElse(PartialFunction.scala:241)
	at akka.actor.Actor.aroundReceive(Actor.scala:534)
	at akka.actor.Actor.aroundReceive$(Actor.scala:532)
	at akka.actor.AbstractActor.aroundReceive(AbstractActor.scala:220)
	at akka.actor.ActorCell.receiveMessage(ActorCell.scala:573)
	at akka.actor.ActorCell.invoke(ActorCell.scala:543)
	at akka.dispatch.Mailbox.processMailbox(Mailbox.scala:269)
	at akka.dispatch.Mailbox.run(Mailbox.scala:230)
	at akka.dispatch.Mailbox.exec(Mailbox.scala:242)
	at java.util.concurrent.ForkJoinTask.doExec(ForkJoinTask.java:289)
	at java.util.concurrent.ForkJoinPool$WorkQueue.runTask(ForkJoinPool.java:1056)
	at java.util.concurrent.ForkJoinPool.runWorker(ForkJoinPool.java:1692)
	at java.util.concurrent.ForkJoinWorkerThread.run(ForkJoinWorkerThread.java:175)
2026-02-20 23:10:28,383 [INFO] from akka.event.slf4j.Slf4jLogger in application-akka.actor.default-dispatcher-5 - Slf4jLogger started
2026-02-20 23:10:28,439 [INFO] from play.api.http.EnabledFilters in play-dev-mode-akka.actor.default-dispatcher-181 - Enabled Filters (see <https://www.playframework.com/documentation/latest/Filters>):

    play.filters.csrf.CSRFFilter
    play.filters.headers.SecurityHeadersFilter
    play.filters.hosts.AllowedHostsFilter
    play.filters.csrf.CSRFFilter

2026-02-20 23:10:28,443 [INFO] from play.api.Play in play-dev-mode-akka.actor.default-dispatcher-181 - Application started (Dev) (no global state)
2026-02-20 23:10:29,264 [ERROR] from akka.actor.OneForOneStrategy in application-akka.actor.default-dispatcher-16 - null
java.lang.NullPointerException: null
	at structures.basic.Unit.setPositionByTile(Unit.java:115)
	at structures.basic.Unit.drawUnit(Unit.java:122)
	at events.Initalize.processEvent(Initalize.java:58)
	at actors.GameActor.processMessage(GameActor.java:110)
	at actors.GameActor.lambda$createReceive$0(GameActor.java:90)
	at akka.japi.pf.UnitCaseStatement.apply(CaseStatements.scala:24)
	at akka.japi.pf.UnitCaseStatement.apply(CaseStatements.scala:20)
	at scala.PartialFunction.applyOrElse(PartialFunction.scala:187)
	at scala.PartialFunction.applyOrElse$(PartialFunction.scala:186)
	at akka.japi.pf.UnitCaseStatement.applyOrElse(CaseStatements.scala:20)
	at scala.PartialFunction$OrElse.applyOrElse(PartialFunction.scala:241)
	at akka.actor.Actor.aroundReceive(Actor.scala:534)
	at akka.actor.Actor.aroundReceive$(Actor.scala:532)
	at akka.actor.AbstractActor.aroundReceive(AbstractActor.scala:220)
	at akka.actor.ActorCell.receiveMessage(ActorCell.scala:573)
	at akka.actor.ActorCell.invoke(ActorCell.scala:543)
	at akka.dispatch.Mailbox.processMailbox(Mailbox.scala:269)
	at akka.dispatch.Mailbox.run(Mailbox.scala:230)
	at akka.dispatch.Mailbox.exec(Mailbox.scala:242)
	at java.util.concurrent.ForkJoinTask.doExec(ForkJoinTask.java:289)
	at java.util.concurrent.ForkJoinPool$WorkQueue.runTask(ForkJoinPool.java:1056)
	at java.util.concurrent.ForkJoinPool.runWorker(ForkJoinPool.java:1692)
	at java.util.concurrent.ForkJoinWorkerThread.run(ForkJoinWorkerThread.java:175)
2026-02-20 23:12:44,844 [INFO] from akka.event.slf4j.Slf4jLogger in application-akka.actor.default-dispatcher-5 - Slf4jLogger started
2026-02-20 23:12:44,890 [INFO] from play.api.http.EnabledFilters in play-dev-mode-akka.actor.default-dispatcher-207 - Enabled Filters (see <https://www.playframework.com/documentation/latest/Filters>):

    play.filters.csrf.CSRFFilter
    play.filters.headers.SecurityHeadersFilter
    play.filters.hosts.AllowedHostsFilter
    play.filters.csrf.CSRFFilter

2026-02-20 23:12:44,893 [INFO] from play.api.Play in play-dev-mode-akka.actor.default-dispatcher-207 - Application started (Dev) (no global state)
2026-02-20 23:12:45,729 [ERROR] from akka.actor.OneForOneStrategy in application-akka.actor.default-dispatcher-14 - null
java.lang.NullPointerException: null
	at structures.basic.Unit.setPositionByTile(Unit.java:115)
	at structures.basic.Unit.drawUnit(Unit.java:122)
	at events.Initalize.processEvent(Initalize.java:58)
	at actors.GameActor.processMessage(GameActor.java:110)
	at actors.GameActor.lambda$createReceive$0(GameActor.java:90)
	at akka.japi.pf.UnitCaseStatement.apply(CaseStatements.scala:24)
	at akka.japi.pf.UnitCaseStatement.apply(CaseStatements.scala:20)
	at scala.PartialFunction.applyOrElse(PartialFunction.scala:187)
	at scala.PartialFunction.applyOrElse$(PartialFunction.scala:186)
	at akka.japi.pf.UnitCaseStatement.applyOrElse(CaseStatements.scala:20)
	at scala.PartialFunction$OrElse.applyOrElse(PartialFunction.scala:241)
	at akka.actor.Actor.aroundReceive(Actor.scala:534)
	at akka.actor.Actor.aroundReceive$(Actor.scala:532)
	at akka.actor.AbstractActor.aroundReceive(AbstractActor.scala:220)
	at akka.actor.ActorCell.receiveMessage(ActorCell.scala:573)
	at akka.actor.ActorCell.invoke(ActorCell.scala:543)
	at akka.dispatch.Mailbox.processMailbox(Mailbox.scala:269)
	at akka.dispatch.Mailbox.run(Mailbox.scala:230)
	at akka.dispatch.Mailbox.exec(Mailbox.scala:242)
	at java.util.concurrent.ForkJoinTask.doExec(ForkJoinTask.java:289)
	at java.util.concurrent.ForkJoinPool$WorkQueue.runTask(ForkJoinPool.java:1056)
	at java.util.concurrent.ForkJoinPool.runWorker(ForkJoinPool.java:1692)
	at java.util.concurrent.ForkJoinWorkerThread.run(ForkJoinWorkerThread.java:175)
2026-02-20 23:14:01,757 [INFO] from akka.event.slf4j.Slf4jLogger in application-akka.actor.default-dispatcher-6 - Slf4jLogger started
2026-02-20 23:14:01,803 [INFO] from play.api.http.EnabledFilters in play-dev-mode-akka.actor.default-dispatcher-204 - Enabled Filters (see <https://www.playframework.com/documentation/latest/Filters>):

    play.filters.csrf.CSRFFilter
    play.filters.headers.SecurityHeadersFilter
    play.filters.hosts.AllowedHostsFilter
    play.filters.csrf.CSRFFilter

2026-02-20 23:14:01,805 [INFO] from play.api.Play in play-dev-mode-akka.actor.default-dispatcher-204 - Application started (Dev) (no global state)
2026-02-20 23:14:02,678 [ERROR] from akka.actor.OneForOneStrategy in application-akka.actor.default-dispatcher-7 - null
java.lang.NullPointerException: null
	at structures.basic.Unit.setPositionByTile(Unit.java:115)
	at structures.basic.Unit.drawUnit(Unit.java:122)
	at events.Initalize.processEvent(Initalize.java:58)
	at actors.GameActor.processMessage(GameActor.java:110)
	at actors.GameActor.lambda$createReceive$0(GameActor.java:90)
	at akka.japi.pf.UnitCaseStatement.apply(CaseStatements.scala:24)
	at akka.japi.pf.UnitCaseStatement.apply(CaseStatements.scala:20)
	at scala.PartialFunction.applyOrElse(PartialFunction.scala:187)
	at scala.PartialFunction.applyOrElse$(PartialFunction.scala:186)
	at akka.japi.pf.UnitCaseStatement.applyOrElse(CaseStatements.scala:20)
	at scala.PartialFunction$OrElse.applyOrElse(PartialFunction.scala:241)
	at akka.actor.Actor.aroundReceive(Actor.scala:534)
	at akka.actor.Actor.aroundReceive$(Actor.scala:532)
	at akka.actor.AbstractActor.aroundReceive(AbstractActor.scala:220)
	at akka.actor.ActorCell.receiveMessage(ActorCell.scala:573)
	at akka.actor.ActorCell.invoke(ActorCell.scala:543)
	at akka.dispatch.Mailbox.processMailbox(Mailbox.scala:269)
	at akka.dispatch.Mailbox.run(Mailbox.scala:230)
	at akka.dispatch.Mailbox.exec(Mailbox.scala:242)
	at java.util.concurrent.ForkJoinTask.doExec(ForkJoinTask.java:289)
	at java.util.concurrent.ForkJoinPool$WorkQueue.runTask(ForkJoinPool.java:1056)
	at java.util.concurrent.ForkJoinPool.runWorker(ForkJoinPool.java:1692)
	at java.util.concurrent.ForkJoinWorkerThread.run(ForkJoinWorkerThread.java:175)
2026-02-20 23:14:35,862 [INFO] from akka.event.slf4j.Slf4jLogger in application-akka.actor.default-dispatcher-5 - Slf4jLogger started
2026-02-20 23:14:35,905 [INFO] from play.api.http.EnabledFilters in play-dev-mode-akka.actor.default-dispatcher-207 - Enabled Filters (see <https://www.playframework.com/documentation/latest/Filters>):

    play.filters.csrf.CSRFFilter
    play.filters.headers.SecurityHeadersFilter
    play.filters.hosts.AllowedHostsFilter
    play.filters.csrf.CSRFFilter

2026-02-20 23:14:35,907 [INFO] from play.api.Play in play-dev-mode-akka.actor.default-dispatcher-207 - Application started (Dev) (no global state)
2026-02-20 23:15:08,560 [INFO] from akka.event.slf4j.Slf4jLogger in application-akka.actor.default-dispatcher-5 - Slf4jLogger started
2026-02-20 23:15:08,614 [INFO] from play.api.http.EnabledFilters in play-dev-mode-akka.actor.default-dispatcher-204 - Enabled Filters (see <https://www.playframework.com/documentation/latest/Filters>):

    play.filters.csrf.CSRFFilter
    play.filters.headers.SecurityHeadersFilter
    play.filters.hosts.AllowedHostsFilter
    play.filters.csrf.CSRFFilter

2026-02-20 23:15:08,618 [INFO] from play.api.Play in play-dev-mode-akka.actor.default-dispatcher-204 - Application started (Dev) (no global state)
2026-02-20 23:21:49,576 [INFO] from akka.event.slf4j.Slf4jLogger in application-akka.actor.default-dispatcher-5 - Slf4jLogger started
2026-02-20 23:21:49,657 [INFO] from play.api.http.EnabledFilters in play-dev-mode-akka.actor.default-dispatcher-245 - Enabled Filters (see <https://www.playframework.com/documentation/latest/Filters>):

    play.filters.csrf.CSRFFilter
    play.filters.headers.SecurityHeadersFilter
    play.filters.hosts.AllowedHostsFilter
    play.filters.csrf.CSRFFilter

2026-02-20 23:21:49,662 [INFO] from play.api.Play in play-dev-mode-akka.actor.default-dispatcher-245 - Application started (Dev) (no global state)
2026-02-20 23:23:27,570 [INFO] from akka.event.slf4j.Slf4jLogger in application-akka.actor.default-dispatcher-5 - Slf4jLogger started
2026-02-20 23:23:27,630 [INFO] from play.api.http.EnabledFilters in play-dev-mode-akka.actor.default-dispatcher-245 - Enabled Filters (see <https://www.playframework.com/documentation/latest/Filters>):

    play.filters.csrf.CSRFFilter
    play.filters.headers.SecurityHeadersFilter
    play.filters.hosts.AllowedHostsFilter
    play.filters.csrf.CSRFFilter

2026-02-20 23:23:27,634 [INFO] from play.api.Play in play-dev-mode-akka.actor.default-dispatcher-245 - Application started (Dev) (no global state)
2026-02-20 23:25:43,923 [INFO] from akka.event.slf4j.Slf4jLogger in application-akka.actor.default-dispatcher-6 - Slf4jLogger started
2026-02-20 23:25:43,961 [INFO] from play.api.http.EnabledFilters in play-dev-mode-akka.actor.default-dispatcher-247 - Enabled Filters (see <https://www.playframework.com/documentation/latest/Filters>):

    play.filters.csrf.CSRFFilter
    play.filters.headers.SecurityHeadersFilter
    play.filters.hosts.AllowedHostsFilter
    play.filters.csrf.CSRFFilter

2026-02-20 23:25:43,963 [INFO] from play.api.Play in play-dev-mode-akka.actor.default-dispatcher-247 - Application started (Dev) (no global state)
2026-02-20 23:26:36,540 [INFO] from akka.event.slf4j.Slf4jLogger in application-akka.actor.default-dispatcher-5 - Slf4jLogger started
2026-02-20 23:26:36,583 [INFO] from play.api.http.EnabledFilters in play-dev-mode-akka.actor.default-dispatcher-247 - Enabled Filters (see <https://www.playframework.com/documentation/latest/Filters>):

    play.filters.csrf.CSRFFilter
    play.filters.headers.SecurityHeadersFilter
    play.filters.hosts.AllowedHostsFilter
    play.filters.csrf.CSRFFilter

2026-02-20 23:26:36,585 [INFO] from play.api.Play in play-dev-mode-akka.actor.default-dispatcher-247 - Application started (Dev) (no global state)
2026-02-20 23:31:28,091 [INFO] from akka.event.slf4j.Slf4jLogger in application-akka.actor.default-dispatcher-5 - Slf4jLogger started
2026-02-20 23:31:28,145 [INFO] from play.api.http.EnabledFilters in play-dev-mode-akka.actor.default-dispatcher-244 - Enabled Filters (see <https://www.playframework.com/documentation/latest/Filters>):

    play.filters.csrf.CSRFFilter
    play.filters.headers.SecurityHeadersFilter
    play.filters.hosts.AllowedHostsFilter
    play.filters.csrf.CSRFFilter

2026-02-20 23:31:28,149 [INFO] from play.api.Play in play-dev-mode-akka.actor.default-dispatcher-244 - Application started (Dev) (no global state)
2026-02-20 23:43:54,026 [INFO] from akka.event.slf4j.Slf4jLogger in application-akka.actor.default-dispatcher-6 - Slf4jLogger started
2026-02-20 23:43:54,086 [INFO] from play.api.http.EnabledFilters in play-dev-mode-akka.actor.default-dispatcher-251 - Enabled Filters (see <https://www.playframework.com/documentation/latest/Filters>):

    play.filters.csrf.CSRFFilter
    play.filters.headers.SecurityHeadersFilter
    play.filters.hosts.AllowedHostsFilter
    play.filters.csrf.CSRFFilter

2026-02-20 23:43:54,091 [INFO] from play.api.Play in play-dev-mode-akka.actor.default-dispatcher-251 - Application started (Dev) (no global state)
2026-02-20 23:52:49,695 [ERROR] from play.api.http.DefaultHttpErrorHandler in play-dev-mode-akka.actor.default-dispatcher-272 - 

! @8cepp2nl6 - Internal server error, for (GET) [/game] ->
 
play.sbt.PlayExceptions$CompilationException: Compilation error[no suitable constructor found for Unit(no arguments)
    constructor structures.basic.Unit.Unit(int,java.lang.String,int,int) is not applicable
      (actual and formal argument lists differ in length)
    constructor structures.basic.Unit.Unit(int,structures.basic.UnitAnimationSet,structures.basic.ImageCorrection) is not applicable
      (actual and formal argument lists differ in length)
    constructor structures.basic.Unit.Unit(int,structures.basic.UnitAnimationSet,structures.basic.ImageCorrection,structures.basic.Tile) is not applicable
      (actual and formal argument lists differ in length)
    constructor structures.basic.Unit.Unit(int,structures.basic.UnitAnimationType,structures.basic.Position,structures.basic.UnitAnimationSet,structures.basic.ImageCorrection) is not applicable
      (actual and formal argument lists differ in length)]
	at play.sbt.PlayExceptions$CompilationException$.apply(PlayExceptions.scala:34)
	at play.sbt.PlayExceptions$CompilationException$.apply(PlayExceptions.scala:34)
	at scala.Option.map(Option.scala:230)
	at play.sbt.run.PlayReload$.$anonfun$taskFailureHandler$1(PlayReload.scala:40)
	at scala.Option.map(Option.scala:230)
	at play.sbt.run.PlayReload$.taskFailureHandler(PlayReload.scala:35)
	at play.sbt.run.PlayReload$.compileFailure(PlayReload.scala:28)
	at play.sbt.run.PlayReload$.$anonfun$compile$3(PlayReload.scala:63)
	at scala.util.Either$LeftProjection.map(Either.scala:573)
	at play.sbt.run.PlayReload$.compile(PlayReload.scala:63)
	at play.sbt.run.PlayRun$.$anonfun$playRunTask$4(PlayRun.scala:78)
	at play.runsupport.Reloader.$anonfun$reload$1(Reloader.scala:496)
	at play.runsupport.Reloader$$anon$1.run(Reloader.scala:57)
	at java.security.AccessController.doPrivileged(Native Method)
	at play.runsupport.Reloader$.play$runsupport$Reloader$$withReloaderContextClassLoader(Reloader.scala:63)
	at play.runsupport.Reloader.reload(Reloader.scala:496)
	at play.core.server.DevServerStart$$anon$1.get(DevServerStart.scala:141)
	at play.core.server.AkkaHttpServer.handleRequest(AkkaHttpServer.scala:300)
	at play.core.server.AkkaHttpServer.$anonfun$createServerBinding$1(AkkaHttpServer.scala:190)
	at akka.stream.impl.fusing.MapAsync$$anon$30.onPush(Ops.scala:1289)
	at akka.stream.impl.fusing.GraphInterpreter.processPush(GraphInterpreter.scala:541)
	at akka.stream.impl.fusing.GraphInterpreter.execute(GraphInterpreter.scala:423)
	at akka.stream.impl.fusing.GraphInterpreterShell.runBatch(ActorGraphInterpreter.scala:624)
	at akka.stream.impl.fusing.GraphInterpreterShell$AsyncInput.execute(ActorGraphInterpreter.scala:501)
	at akka.stream.impl.fusing.GraphInterpreterShell.processEvent(ActorGraphInterpreter.scala:599)
	at akka.stream.impl.fusing.ActorGraphInterpreter.akka$stream$impl$fusing$ActorGraphInterpreter$$processEvent(ActorGraphInterpreter.scala:768)
	at akka.stream.impl.fusing.ActorGraphInterpreter$$anonfun$receive$1.applyOrElse(ActorGraphInterpreter.scala:783)
	at akka.actor.Actor.aroundReceive(Actor.scala:534)
	at akka.actor.Actor.aroundReceive$(Actor.scala:532)
	at akka.stream.impl.fusing.ActorGraphInterpreter.aroundReceive(ActorGraphInterpreter.scala:690)
	at akka.actor.ActorCell.receiveMessage(ActorCell.scala:573)
	at akka.actor.ActorCell.invoke(ActorCell.scala:543)
	at akka.dispatch.Mailbox.processMailbox(Mailbox.scala:269)
	at akka.dispatch.Mailbox.run(Mailbox.scala:230)
	at akka.dispatch.Mailbox.exec(Mailbox.scala:242)
	at java.util.concurrent.ForkJoinTask.doExec(ForkJoinTask.java:289)
	at java.util.concurrent.ForkJoinPool$WorkQueue.runTask(ForkJoinPool.java:1056)
	at java.util.concurrent.ForkJoinPool.runWorker(ForkJoinPool.java:1692)
	at java.util.concurrent.ForkJoinWorkerThread.run(ForkJoinWorkerThread.java:175)
2026-02-21 00:03:51,519 [ERROR] from play.api.http.DefaultHttpErrorHandler in play-dev-mode-akka.actor.default-dispatcher-278 - 

! @8cf00eenn - Internal server error, for (GET) [/game] ->
 
play.sbt.PlayExceptions$CompilationException: Compilation error[no suitable constructor found for Avatar(structures.basic.Player)
    constructor structures.basic.Avatar.Avatar(structures.basic.Player,int) is not applicable
      (actual and formal argument lists differ in length)
    constructor structures.basic.Avatar.Avatar(int,structures.basic.UnitAnimationSet,structures.basic.ImageCorrection) is not applicable
      (actual and formal argument lists differ in length)
    constructor structures.basic.Avatar.Avatar(int,structures.basic.UnitAnimationSet,structures.basic.ImageCorrection,structures.basic.Tile) is not applicable
      (actual and formal argument lists differ in length)
    constructor structures.basic.Avatar.Avatar(int,structures.basic.UnitAnimationType,structures.basic.Position,structures.basic.UnitAnimationSet,structures.basic.ImageCorrection) is not applicable
      (actual and formal argument lists differ in length)]
	at play.sbt.PlayExceptions$CompilationException$.apply(PlayExceptions.scala:34)
	at play.sbt.PlayExceptions$CompilationException$.apply(PlayExceptions.scala:34)
	at scala.Option.map(Option.scala:230)
	at play.sbt.run.PlayReload$.$anonfun$taskFailureHandler$1(PlayReload.scala:40)
	at scala.Option.map(Option.scala:230)
	at play.sbt.run.PlayReload$.taskFailureHandler(PlayReload.scala:35)
	at play.sbt.run.PlayReload$.compileFailure(PlayReload.scala:28)
	at play.sbt.run.PlayReload$.$anonfun$compile$3(PlayReload.scala:63)
	at scala.util.Either$LeftProjection.map(Either.scala:573)
	at play.sbt.run.PlayReload$.compile(PlayReload.scala:63)
	at play.sbt.run.PlayRun$.$anonfun$playRunTask$4(PlayRun.scala:78)
	at play.runsupport.Reloader.$anonfun$reload$1(Reloader.scala:496)
	at play.runsupport.Reloader$$anon$1.run(Reloader.scala:57)
	at java.security.AccessController.doPrivileged(Native Method)
	at play.runsupport.Reloader$.play$runsupport$Reloader$$withReloaderContextClassLoader(Reloader.scala:63)
	at play.runsupport.Reloader.reload(Reloader.scala:496)
	at play.core.server.DevServerStart$$anon$1.get(DevServerStart.scala:141)
	at play.core.server.AkkaHttpServer.handleRequest(AkkaHttpServer.scala:300)
	at play.core.server.AkkaHttpServer.$anonfun$createServerBinding$1(AkkaHttpServer.scala:190)
	at akka.stream.impl.fusing.MapAsync$$anon$30.onPush(Ops.scala:1289)
	at akka.stream.impl.fusing.GraphInterpreter.processPush(GraphInterpreter.scala:541)
	at akka.stream.impl.fusing.GraphInterpreter.execute(GraphInterpreter.scala:423)
	at akka.stream.impl.fusing.GraphInterpreterShell.runBatch(ActorGraphInterpreter.scala:624)
	at akka.stream.impl.fusing.GraphInterpreterShell$AsyncInput.execute(ActorGraphInterpreter.scala:501)
	at akka.stream.impl.fusing.GraphInterpreterShell.processEvent(ActorGraphInterpreter.scala:599)
	at akka.stream.impl.fusing.ActorGraphInterpreter.akka$stream$impl$fusing$ActorGraphInterpreter$$processEvent(ActorGraphInterpreter.scala:768)
	at akka.stream.impl.fusing.ActorGraphInterpreter$$anonfun$receive$1.applyOrElse(ActorGraphInterpreter.scala:783)
	at akka.actor.Actor.aroundReceive(Actor.scala:534)
	at akka.actor.Actor.aroundReceive$(Actor.scala:532)
	at akka.stream.impl.fusing.ActorGraphInterpreter.aroundReceive(ActorGraphInterpreter.scala:690)
	at akka.actor.ActorCell.receiveMessage(ActorCell.scala:573)
	at akka.actor.ActorCell.invoke(ActorCell.scala:543)
	at akka.dispatch.Mailbox.processMailbox(Mailbox.scala:269)
	at akka.dispatch.Mailbox.run(Mailbox.scala:230)
	at akka.dispatch.Mailbox.exec(Mailbox.scala:242)
	at java.util.concurrent.ForkJoinTask.doExec(ForkJoinTask.java:289)
	at java.util.concurrent.ForkJoinPool$WorkQueue.runTask(ForkJoinPool.java:1056)
	at java.util.concurrent.ForkJoinPool.runWorker(ForkJoinPool.java:1692)
	at java.util.concurrent.ForkJoinWorkerThread.run(ForkJoinWorkerThread.java:175)
2026-02-21 00:04:55,957 [ERROR] from play.api.http.DefaultHttpErrorHandler in play-dev-mode-akka.actor.default-dispatcher-282 - 

! @8cf00i66b - Internal server error, for (GET) [/game] ->
 
play.sbt.PlayExceptions$CompilationException: Compilation error[no suitable constructor found for Unit(no arguments)
    constructor structures.basic.Unit.Unit(int,java.lang.String,int,int) is not applicable
      (actual and formal argument lists differ in length)
    constructor structures.basic.Unit.Unit(int,structures.basic.UnitAnimationSet,structures.basic.ImageCorrection) is not applicable
      (actual and formal argument lists differ in length)
    constructor structures.basic.Unit.Unit(int,structures.basic.UnitAnimationSet,structures.basic.ImageCorrection,structures.basic.Tile) is not applicable
      (actual and formal argument lists differ in length)
    constructor structures.basic.Unit.Unit(int,structures.basic.UnitAnimationType,structures.basic.Position,structures.basic.UnitAnimationSet,structures.basic.ImageCorrection) is not applicable
      (actual and formal argument lists differ in length)]
	at play.sbt.PlayExceptions$CompilationException$.apply(PlayExceptions.scala:34)
	at play.sbt.PlayExceptions$CompilationException$.apply(PlayExceptions.scala:34)
	at scala.Option.map(Option.scala:230)
	at play.sbt.run.PlayReload$.$anonfun$taskFailureHandler$1(PlayReload.scala:40)
	at scala.Option.map(Option.scala:230)
	at play.sbt.run.PlayReload$.taskFailureHandler(PlayReload.scala:35)
	at play.sbt.run.PlayReload$.compileFailure(PlayReload.scala:28)
	at play.sbt.run.PlayReload$.$anonfun$compile$3(PlayReload.scala:63)
	at scala.util.Either$LeftProjection.map(Either.scala:573)
	at play.sbt.run.PlayReload$.compile(PlayReload.scala:63)
	at play.sbt.run.PlayRun$.$anonfun$playRunTask$4(PlayRun.scala:78)
	at play.runsupport.Reloader.$anonfun$reload$1(Reloader.scala:496)
	at play.runsupport.Reloader$$anon$1.run(Reloader.scala:57)
	at java.security.AccessController.doPrivileged(Native Method)
	at play.runsupport.Reloader$.play$runsupport$Reloader$$withReloaderContextClassLoader(Reloader.scala:63)
	at play.runsupport.Reloader.reload(Reloader.scala:496)
	at play.core.server.DevServerStart$$anon$1.get(DevServerStart.scala:141)
	at play.core.server.AkkaHttpServer.handleRequest(AkkaHttpServer.scala:300)
	at play.core.server.AkkaHttpServer.$anonfun$createServerBinding$1(AkkaHttpServer.scala:190)
	at akka.stream.impl.fusing.MapAsync$$anon$30.onPush(Ops.scala:1289)
	at akka.stream.impl.fusing.GraphInterpreter.processPush(GraphInterpreter.scala:541)
	at akka.stream.impl.fusing.GraphInterpreter.execute(GraphInterpreter.scala:423)
	at akka.stream.impl.fusing.GraphInterpreterShell.runBatch(ActorGraphInterpreter.scala:624)
	at akka.stream.impl.fusing.GraphInterpreterShell$AsyncInput.execute(ActorGraphInterpreter.scala:501)
	at akka.stream.impl.fusing.GraphInterpreterShell.processEvent(ActorGraphInterpreter.scala:599)
	at akka.stream.impl.fusing.ActorGraphInterpreter.akka$stream$impl$fusing$ActorGraphInterpreter$$processEvent(ActorGraphInterpreter.scala:768)
	at akka.stream.impl.fusing.ActorGraphInterpreter$$anonfun$receive$1.applyOrElse(ActorGraphInterpreter.scala:783)
	at akka.actor.Actor.aroundReceive(Actor.scala:534)
	at akka.actor.Actor.aroundReceive$(Actor.scala:532)
	at akka.stream.impl.fusing.ActorGraphInterpreter.aroundReceive(ActorGraphInterpreter.scala:690)
	at akka.actor.ActorCell.receiveMessage(ActorCell.scala:573)
	at akka.actor.ActorCell.invoke(ActorCell.scala:543)
	at akka.dispatch.Mailbox.processMailbox(Mailbox.scala:269)
	at akka.dispatch.Mailbox.run(Mailbox.scala:230)
	at akka.dispatch.Mailbox.exec(Mailbox.scala:242)
	at java.util.concurrent.ForkJoinTask.doExec(ForkJoinTask.java:289)
	at java.util.concurrent.ForkJoinPool$WorkQueue.runTask(ForkJoinPool.java:1056)
	at java.util.concurrent.ForkJoinPool.runWorker(ForkJoinPool.java:1692)
	at java.util.concurrent.ForkJoinWorkerThread.run(ForkJoinWorkerThread.java:175)
2026-02-21 00:06:03,682 [INFO] from akka.event.slf4j.Slf4jLogger in application-akka.actor.default-dispatcher-5 - Slf4jLogger started
2026-02-21 00:06:03,743 [INFO] from play.api.http.EnabledFilters in play-dev-mode-akka.actor.default-dispatcher-282 - Enabled Filters (see <https://www.playframework.com/documentation/latest/Filters>):

    play.filters.csrf.CSRFFilter
    play.filters.headers.SecurityHeadersFilter
    play.filters.hosts.AllowedHostsFilter
    play.filters.csrf.CSRFFilter

2026-02-21 00:06:03,748 [INFO] from play.api.Play in play-dev-mode-akka.actor.default-dispatcher-282 - Application started (Dev) (no global state)
2026-02-21 00:09:00,746 [INFO] from akka.event.slf4j.Slf4jLogger in application-akka.actor.default-dispatcher-6 - Slf4jLogger started
2026-02-21 00:09:00,794 [INFO] from play.api.http.EnabledFilters in play-dev-mode-akka.actor.default-dispatcher-310 - Enabled Filters (see <https://www.playframework.com/documentation/latest/Filters>):

    play.filters.csrf.CSRFFilter
    play.filters.headers.SecurityHeadersFilter
    play.filters.hosts.AllowedHostsFilter
    play.filters.csrf.CSRFFilter

2026-02-21 00:09:00,798 [INFO] from play.api.Play in play-dev-mode-akka.actor.default-dispatcher-310 - Application started (Dev) (no global state)
2026-02-21 00:15:23,143 [INFO] from akka.event.slf4j.Slf4jLogger in application-akka.actor.default-dispatcher-5 - Slf4jLogger started
2026-02-21 00:15:23,212 [INFO] from play.api.http.EnabledFilters in play-dev-mode-akka.actor.default-dispatcher-339 - Enabled Filters (see <https://www.playframework.com/documentation/latest/Filters>):

    play.filters.csrf.CSRFFilter
    play.filters.headers.SecurityHeadersFilter
    play.filters.hosts.AllowedHostsFilter
    play.filters.csrf.CSRFFilter

2026-02-21 00:15:23,217 [INFO] from play.api.Play in play-dev-mode-akka.actor.default-dispatcher-339 - Application started (Dev) (no global state)
2026-02-21 00:16:53,758 [INFO] from akka.event.slf4j.Slf4jLogger in application-akka.actor.default-dispatcher-6 - Slf4jLogger started
2026-02-21 00:16:53,821 [INFO] from play.api.http.EnabledFilters in play-dev-mode-akka.actor.default-dispatcher-340 - Enabled Filters (see <https://www.playframework.com/documentation/latest/Filters>):

    play.filters.csrf.CSRFFilter
    play.filters.headers.SecurityHeadersFilter
    play.filters.hosts.AllowedHostsFilter
    play.filters.csrf.CSRFFilter

2026-02-21 00:16:53,825 [INFO] from play.api.Play in play-dev-mode-akka.actor.default-dispatcher-340 - Application started (Dev) (no global state)
2026-02-21 00:18:43,275 [ERROR] from play.api.http.DefaultHttpErrorHandler in play-dev-mode-akka.actor.default-dispatcher-353 - 

! @8cf02d81i - Internal server error, for (GET) [/game] ->
 
play.sbt.PlayExceptions$CompilationException: Compilation error[cannot find symbol
  symbol:   variable sprite
  location: class structures.basic.Unit]
	at play.sbt.PlayExceptions$CompilationException$.apply(PlayExceptions.scala:34)
	at play.sbt.PlayExceptions$CompilationException$.apply(PlayExceptions.scala:34)
	at scala.Option.map(Option.scala:230)
	at play.sbt.run.PlayReload$.$anonfun$taskFailureHandler$1(PlayReload.scala:40)
	at scala.Option.map(Option.scala:230)
	at play.sbt.run.PlayReload$.taskFailureHandler(PlayReload.scala:35)
	at play.sbt.run.PlayReload$.compileFailure(PlayReload.scala:28)
	at play.sbt.run.PlayReload$.$anonfun$compile$3(PlayReload.scala:63)
	at scala.util.Either$LeftProjection.map(Either.scala:573)
	at play.sbt.run.PlayReload$.compile(PlayReload.scala:63)
	at play.sbt.run.PlayRun$.$anonfun$playRunTask$4(PlayRun.scala:78)
	at play.runsupport.Reloader.$anonfun$reload$1(Reloader.scala:496)
	at play.runsupport.Reloader$$anon$1.run(Reloader.scala:57)
	at java.security.AccessController.doPrivileged(Native Method)
	at play.runsupport.Reloader$.play$runsupport$Reloader$$withReloaderContextClassLoader(Reloader.scala:63)
	at play.runsupport.Reloader.reload(Reloader.scala:496)
	at play.core.server.DevServerStart$$anon$1.get(DevServerStart.scala:141)
	at play.core.server.AkkaHttpServer.handleRequest(AkkaHttpServer.scala:300)
	at play.core.server.AkkaHttpServer.$anonfun$createServerBinding$1(AkkaHttpServer.scala:190)
	at akka.stream.impl.fusing.MapAsync$$anon$30.onPush(Ops.scala:1289)
	at akka.stream.impl.fusing.GraphInterpreter.processPush(GraphInterpreter.scala:541)
	at akka.stream.impl.fusing.GraphInterpreter.execute(GraphInterpreter.scala:423)
	at akka.stream.impl.fusing.GraphInterpreterShell.runBatch(ActorGraphInterpreter.scala:624)
	at akka.stream.impl.fusing.GraphInterpreterShell$AsyncInput.execute(ActorGraphInterpreter.scala:501)
	at akka.stream.impl.fusing.GraphInterpreterShell.processEvent(ActorGraphInterpreter.scala:599)
	at akka.stream.impl.fusing.ActorGraphInterpreter.akka$stream$impl$fusing$ActorGraphInterpreter$$processEvent(ActorGraphInterpreter.scala:768)
	at akka.stream.impl.fusing.ActorGraphInterpreter$$anonfun$receive$1.applyOrElse(ActorGraphInterpreter.scala:783)
	at akka.actor.Actor.aroundReceive(Actor.scala:534)
	at akka.actor.Actor.aroundReceive$(Actor.scala:532)
	at akka.stream.impl.fusing.ActorGraphInterpreter.aroundReceive(ActorGraphInterpreter.scala:690)
	at akka.actor.ActorCell.receiveMessage(ActorCell.scala:573)
	at akka.actor.ActorCell.invoke(ActorCell.scala:543)
	at akka.dispatch.Mailbox.processMailbox(Mailbox.scala:269)
	at akka.dispatch.Mailbox.run(Mailbox.scala:230)
	at akka.dispatch.Mailbox.exec(Mailbox.scala:242)
	at java.util.concurrent.ForkJoinTask.doExec(ForkJoinTask.java:289)
	at java.util.concurrent.ForkJoinPool$WorkQueue.runTask(ForkJoinPool.java:1056)
	at java.util.concurrent.ForkJoinPool.runWorker(ForkJoinPool.java:1692)
	at java.util.concurrent.ForkJoinWorkerThread.run(ForkJoinWorkerThread.java:175)
2026-02-21 07:24:23,582 [INFO] from akka.event.slf4j.Slf4jLogger in application-akka.actor.default-dispatcher-5 - Slf4jLogger started
2026-02-21 07:24:23,670 [INFO] from play.api.http.EnabledFilters in play-dev-mode-akka.actor.default-dispatcher-357 - Enabled Filters (see <https://www.playframework.com/documentation/latest/Filters>):

    play.filters.csrf.CSRFFilter
    play.filters.headers.SecurityHeadersFilter
    play.filters.hosts.AllowedHostsFilter
    play.filters.csrf.CSRFFilter

2026-02-21 07:24:23,680 [INFO] from play.api.Play in play-dev-mode-akka.actor.default-dispatcher-357 - Application started (Dev) (no global state)
2026-02-21 07:24:52,764 [INFO] from akka.event.slf4j.Slf4jLogger in application-akka.actor.default-dispatcher-5 - Slf4jLogger started
2026-02-21 07:24:52,802 [INFO] from play.api.http.EnabledFilters in play-dev-mode-akka.actor.default-dispatcher-359 - Enabled Filters (see <https://www.playframework.com/documentation/latest/Filters>):

    play.filters.csrf.CSRFFilter
    play.filters.headers.SecurityHeadersFilter
    play.filters.hosts.AllowedHostsFilter
    play.filters.csrf.CSRFFilter

2026-02-21 07:24:52,807 [INFO] from play.api.Play in play-dev-mode-akka.actor.default-dispatcher-359 - Application started (Dev) (no global state)
2026-02-21 07:26:35,006 [INFO] from akka.event.slf4j.Slf4jLogger in application-akka.actor.default-dispatcher-5 - Slf4jLogger started
2026-02-21 07:26:35,047 [INFO] from play.api.http.EnabledFilters in play-dev-mode-akka.actor.default-dispatcher-382 - Enabled Filters (see <https://www.playframework.com/documentation/latest/Filters>):

    play.filters.csrf.CSRFFilter
    play.filters.headers.SecurityHeadersFilter
    play.filters.hosts.AllowedHostsFilter
    play.filters.csrf.CSRFFilter

2026-02-21 07:26:35,050 [INFO] from play.api.Play in play-dev-mode-akka.actor.default-dispatcher-382 - Application started (Dev) (no global state)
2026-02-21 07:27:28,081 [INFO] from akka.event.slf4j.Slf4jLogger in application-akka.actor.default-dispatcher-5 - Slf4jLogger started
2026-02-21 07:27:28,134 [INFO] from play.api.http.EnabledFilters in play-dev-mode-akka.actor.default-dispatcher-382 - Enabled Filters (see <https://www.playframework.com/documentation/latest/Filters>):

    play.filters.csrf.CSRFFilter
    play.filters.headers.SecurityHeadersFilter
    play.filters.hosts.AllowedHostsFilter
    play.filters.csrf.CSRFFilter

2026-02-21 07:27:28,136 [INFO] from play.api.Play in play-dev-mode-akka.actor.default-dispatcher-382 - Application started (Dev) (no global state)
2026-02-21 07:28:13,873 [INFO] from akka.event.slf4j.Slf4jLogger in application-akka.actor.default-dispatcher-5 - Slf4jLogger started
2026-02-21 07:28:13,909 [INFO] from play.api.http.EnabledFilters in play-dev-mode-akka.actor.default-dispatcher-361 - Enabled Filters (see <https://www.playframework.com/documentation/latest/Filters>):

    play.filters.csrf.CSRFFilter
    play.filters.headers.SecurityHeadersFilter
    play.filters.hosts.AllowedHostsFilter
    play.filters.csrf.CSRFFilter

2026-02-21 07:28:13,913 [INFO] from play.api.Play in play-dev-mode-akka.actor.default-dispatcher-361 - Application started (Dev) (no global state)
2026-02-21 07:29:53,705 [INFO] from akka.event.slf4j.Slf4jLogger in application-akka.actor.default-dispatcher-5 - Slf4jLogger started
2026-02-21 07:29:53,747 [INFO] from play.api.http.EnabledFilters in play-dev-mode-akka.actor.default-dispatcher-403 - Enabled Filters (see <https://www.playframework.com/documentation/latest/Filters>):

    play.filters.csrf.CSRFFilter
    play.filters.headers.SecurityHeadersFilter
    play.filters.hosts.AllowedHostsFilter
    play.filters.csrf.CSRFFilter

2026-02-21 07:29:53,749 [INFO] from play.api.Play in play-dev-mode-akka.actor.default-dispatcher-403 - Application started (Dev) (no global state)
2026-02-21 07:30:29,189 [INFO] from akka.event.slf4j.Slf4jLogger in application-akka.actor.default-dispatcher-6 - Slf4jLogger started
2026-02-21 07:30:29,236 [INFO] from play.api.http.EnabledFilters in play-dev-mode-akka.actor.default-dispatcher-358 - Enabled Filters (see <https://www.playframework.com/documentation/latest/Filters>):

    play.filters.csrf.CSRFFilter
    play.filters.headers.SecurityHeadersFilter
    play.filters.hosts.AllowedHostsFilter
    play.filters.csrf.CSRFFilter

2026-02-21 07:30:29,238 [INFO] from play.api.Play in play-dev-mode-akka.actor.default-dispatcher-358 - Application started (Dev) (no global state)
2026-02-21 07:31:19,244 [INFO] from akka.event.slf4j.Slf4jLogger in application-akka.actor.default-dispatcher-5 - Slf4jLogger started
2026-02-21 07:31:19,284 [INFO] from play.api.http.EnabledFilters in play-dev-mode-akka.actor.default-dispatcher-383 - Enabled Filters (see <https://www.playframework.com/documentation/latest/Filters>):

    play.filters.csrf.CSRFFilter
    play.filters.headers.SecurityHeadersFilter
    play.filters.hosts.AllowedHostsFilter
    play.filters.csrf.CSRFFilter

2026-02-21 07:31:19,287 [INFO] from play.api.Play in play-dev-mode-akka.actor.default-dispatcher-383 - Application started (Dev) (no global state)
2026-02-21 07:32:37,989 [INFO] from akka.event.slf4j.Slf4jLogger in application-akka.actor.default-dispatcher-6 - Slf4jLogger started
2026-02-21 07:32:38,026 [INFO] from play.api.http.EnabledFilters in play-dev-mode-akka.actor.default-dispatcher-383 - Enabled Filters (see <https://www.playframework.com/documentation/latest/Filters>):

    play.filters.csrf.CSRFFilter
    play.filters.headers.SecurityHeadersFilter
    play.filters.hosts.AllowedHostsFilter
    play.filters.csrf.CSRFFilter

2026-02-21 07:32:38,029 [INFO] from play.api.Play in play-dev-mode-akka.actor.default-dispatcher-383 - Application started (Dev) (no global state)
2026-02-21 07:35:40,947 [INFO] from akka.event.slf4j.Slf4jLogger in application-akka.actor.default-dispatcher-5 - Slf4jLogger started
2026-02-21 07:35:41,001 [INFO] from play.api.http.EnabledFilters in play-dev-mode-akka.actor.default-dispatcher-361 - Enabled Filters (see <https://www.playframework.com/documentation/latest/Filters>):

    play.filters.csrf.CSRFFilter
    play.filters.headers.SecurityHeadersFilter
    play.filters.hosts.AllowedHostsFilter
    play.filters.csrf.CSRFFilter

2026-02-21 07:35:41,007 [INFO] from play.api.Play in play-dev-mode-akka.actor.default-dispatcher-361 - Application started (Dev) (no global state)
2026-02-21 07:36:02,044 [INFO] from akka.event.slf4j.Slf4jLogger in application-akka.actor.default-dispatcher-5 - Slf4jLogger started
2026-02-21 07:36:02,095 [INFO] from play.api.http.EnabledFilters in play-dev-mode-akka.actor.default-dispatcher-358 - Enabled Filters (see <https://www.playframework.com/documentation/latest/Filters>):

    play.filters.csrf.CSRFFilter
    play.filters.headers.SecurityHeadersFilter
    play.filters.hosts.AllowedHostsFilter
    play.filters.csrf.CSRFFilter

2026-02-21 07:36:02,098 [INFO] from play.api.Play in play-dev-mode-akka.actor.default-dispatcher-358 - Application started (Dev) (no global state)
2026-02-21 07:38:36,511 [INFO] from akka.event.slf4j.Slf4jLogger in application-akka.actor.default-dispatcher-6 - Slf4jLogger started
2026-02-21 07:38:36,558 [INFO] from play.api.http.EnabledFilters in play-dev-mode-akka.actor.default-dispatcher-357 - Enabled Filters (see <https://www.playframework.com/documentation/latest/Filters>):

    play.filters.csrf.CSRFFilter
    play.filters.headers.SecurityHeadersFilter
    play.filters.hosts.AllowedHostsFilter
    play.filters.csrf.CSRFFilter

2026-02-21 07:38:36,561 [INFO] from play.api.Play in play-dev-mode-akka.actor.default-dispatcher-357 - Application started (Dev) (no global state)
2026-02-21 07:39:08,711 [INFO] from akka.event.slf4j.Slf4jLogger in application-akka.actor.default-dispatcher-5 - Slf4jLogger started
2026-02-21 07:39:08,758 [INFO] from play.api.http.EnabledFilters in play-dev-mode-akka.actor.default-dispatcher-382 - Enabled Filters (see <https://www.playframework.com/documentation/latest/Filters>):

    play.filters.csrf.CSRFFilter
    play.filters.headers.SecurityHeadersFilter
    play.filters.hosts.AllowedHostsFilter
    play.filters.csrf.CSRFFilter

2026-02-21 07:39:08,761 [INFO] from play.api.Play in play-dev-mode-akka.actor.default-dispatcher-382 - Application started (Dev) (no global state)
2026-02-21 07:41:55,051 [INFO] from akka.event.slf4j.Slf4jLogger in application-akka.actor.default-dispatcher-6 - Slf4jLogger started
2026-02-21 07:41:55,094 [INFO] from play.api.http.EnabledFilters in play-dev-mode-akka.actor.default-dispatcher-383 - Enabled Filters (see <https://www.playframework.com/documentation/latest/Filters>):

    play.filters.csrf.CSRFFilter
    play.filters.headers.SecurityHeadersFilter
    play.filters.hosts.AllowedHostsFilter
    play.filters.csrf.CSRFFilter

2026-02-21 07:41:55,098 [INFO] from play.api.Play in play-dev-mode-akka.actor.default-dispatcher-383 - Application started (Dev) (no global state)
2026-02-21 07:43:53,367 [INFO] from akka.event.slf4j.Slf4jLogger in application-akka.actor.default-dispatcher-6 - Slf4jLogger started
2026-02-21 07:43:53,431 [INFO] from play.api.http.EnabledFilters in play-dev-mode-akka.actor.default-dispatcher-403 - Enabled Filters (see <https://www.playframework.com/documentation/latest/Filters>):

    play.filters.csrf.CSRFFilter
    play.filters.headers.SecurityHeadersFilter
    play.filters.hosts.AllowedHostsFilter
    play.filters.csrf.CSRFFilter

2026-02-21 07:43:53,435 [INFO] from play.api.Play in play-dev-mode-akka.actor.default-dispatcher-403 - Application started (Dev) (no global state)
2026-02-21 07:45:19,617 [INFO] from akka.event.slf4j.Slf4jLogger in application-akka.actor.default-dispatcher-5 - Slf4jLogger started
2026-02-21 07:45:19,665 [INFO] from play.api.http.EnabledFilters in play-dev-mode-akka.actor.default-dispatcher-361 - Enabled Filters (see <https://www.playframework.com/documentation/latest/Filters>):

    play.filters.csrf.CSRFFilter
    play.filters.headers.SecurityHeadersFilter
    play.filters.hosts.AllowedHostsFilter
    play.filters.csrf.CSRFFilter

2026-02-21 07:45:19,669 [INFO] from play.api.Play in play-dev-mode-akka.actor.default-dispatcher-361 - Application started (Dev) (no global state)
2026-02-21 08:10:29,550 [INFO] from akka.event.slf4j.Slf4jLogger in application-akka.actor.default-dispatcher-5 - Slf4jLogger started
2026-02-21 08:10:29,637 [INFO] from play.api.http.EnabledFilters in play-dev-mode-akka.actor.default-dispatcher-409 - Enabled Filters (see <https://www.playframework.com/documentation/latest/Filters>):

    play.filters.csrf.CSRFFilter
    play.filters.headers.SecurityHeadersFilter
    play.filters.hosts.AllowedHostsFilter
    play.filters.csrf.CSRFFilter

2026-02-21 08:10:29,644 [INFO] from play.api.Play in play-dev-mode-akka.actor.default-dispatcher-409 - Application started (Dev) (no global state)
2026-02-21 08:36:12,808 [INFO] from akka.event.slf4j.Slf4jLogger in application-akka.actor.default-dispatcher-5 - Slf4jLogger started
2026-02-21 08:36:12,872 [INFO] from play.api.http.EnabledFilters in play-dev-mode-akka.actor.default-dispatcher-428 - Enabled Filters (see <https://www.playframework.com/documentation/latest/Filters>):

    play.filters.csrf.CSRFFilter
    play.filters.headers.SecurityHeadersFilter
    play.filters.hosts.AllowedHostsFilter
    play.filters.csrf.CSRFFilter

2026-02-21 08:36:12,876 [INFO] from play.api.Play in play-dev-mode-akka.actor.default-dispatcher-428 - Application started (Dev) (no global state)
2026-02-21 08:37:11,489 [INFO] from play.core.server.AkkaHttpServer in play-dev-mode-shutdown-hook-1 - Stopping Akka HTTP server...
2026-02-21 08:37:11,503 [INFO] from play.core.server.AkkaHttpServer in play-dev-mode-akka.actor.internal-dispatcher-426 - Terminating server binding for /0:0:0:0:0:0:0:0:9000
2026-02-21 08:37:11,541 [INFO] from play.core.server.AkkaHttpServer in play-dev-mode-akka.actor.internal-dispatcher-438 - Running provided shutdown stop hooks
